Solid Edge in STEP konvertieren
Datum: Montag,Dezember 05,2022 10:36PM
Ausgabedatei: C:\Maturaprojekt\Maturaprojekt\Generativer entwurf.stp
Autor: Unknown
Organisation: Unknown
Ausgangssystem: Solid Edge

Hardware:
Prozessor: Intel(R) Core(TM) i7-10750H CPU @ 2.60GHz
Betriebssystem: Windows 8
Installierter Speicher: 15.79 GB

Software-Informationen
Parasolid-Version: 30.1.278
PSBodyShop-Version: 30.1.94
Step-Adapterversion: 4.0.108
Solid Edge-Version: 219.00.11.004 x64

STEP-Exportoptionen
Exportformat: AP214
Konstruktionsbleche exportieren: Aus
Konstruktionsvolumen exportieren: Aus
Konstruktionsdrähte exportieren: Aus
Nur angezeigte Teile exportieren: Aus
Einheiten: Millimeters
Namen von Teilkomponenten exportieren als Unicode: Aus

Phase 1 von 1 - Parasolid in Fremddatentypen konvertieren...
Keine Parasolid-Körper
